Using pre-set license
Built from '2022.3/staging' branch; Version is '2022.3.52f1 (1120fcb54228) revision 1122556'; Using compiler version '192829333'; Build Type 'Release'
OS: 'Windows 11  (10.0.22631) 64bit CoreSingleLanguage' Language: 'pt' Physical Memory: 6005 MB
BatchMode: 1, IsHumanControllingUs: 0, StartBugReporterOnCrash: 0, Is64bit: 1, IsPro: 1

COMMAND LINE ARGUMENTS:
E:\Unity\Hub\Editor\2022.3.52f1\Editor\Unity.exe
-adb2
-batchMode
-noUpm
-name
AssetImportWorker2
-projectPath
E:/My Games/Pong
-logFile
Logs/AssetImportWorker2.log
-srvPort
49913
Successfully changed project path to: E:/My Games/Pong
E:/My Games/Pong
[UnityMemory] Configuration Parameters - Can be set up in boot.config
    "memorysetup-bucket-allocator-granularity=16"
    "memorysetup-bucket-allocator-bucket-count=8"
    "memorysetup-bucket-allocator-block-size=33554432"
    "memorysetup-bucket-allocator-block-count=8"
    "memorysetup-main-allocator-block-size=16777216"
    "memorysetup-thread-allocator-block-size=16777216"
    "memorysetup-gfx-main-allocator-block-size=16777216"
    "memorysetup-gfx-thread-allocator-block-size=16777216"
    "memorysetup-cache-allocator-block-size=4194304"
    "memorysetup-typetree-allocator-block-size=2097152"
    "memorysetup-profiler-bucket-allocator-granularity=16"
    "memorysetup-profiler-bucket-allocator-bucket-count=8"
    "memorysetup-profiler-bucket-allocator-block-size=33554432"
    "memorysetup-profiler-bucket-allocator-block-count=8"
    "memorysetup-profiler-allocator-block-size=16777216"
    "memorysetup-profiler-editor-allocator-block-size=1048576"
    "memorysetup-temp-allocator-size-main=16777216"
    "memorysetup-job-temp-allocator-block-size=2097152"
    "memorysetup-job-temp-allocator-block-size-background=1048576"
    "memorysetup-job-temp-allocator-reduction-small-platforms=262144"
    "memorysetup-allocator-temp-initial-block-size-main=262144"
    "memorysetup-allocator-temp-initial-block-size-worker=262144"
    "memorysetup-temp-allocator-size-background-worker=32768"
    "memorysetup-temp-allocator-size-job-worker=262144"
    "memorysetup-temp-allocator-size-preload-manager=33554432"
    "memorysetup-temp-allocator-size-nav-mesh-worker=65536"
    "memorysetup-temp-allocator-size-audio-worker=65536"
    "memorysetup-temp-allocator-size-cloud-worker=32768"
    "memorysetup-temp-allocator-size-gi-baking-worker=262144"
    "memorysetup-temp-allocator-size-gfx=262144"
Player connection [14716]  Target information:

Player connection [14716]  * "[IP] 192.168.89.1 [Port] 0 [Flags] 2 [Guid] 1674905280 [EditorId] 1674905280 [Version] 1048832 [Id] WindowsEditor(7,Rapha) [Debug] 1 [PackageName] WindowsEditor [ProjectName] Editor" 

Player connection [14716]  * "[IP] 192.168.163.1 [Port] 0 [Flags] 2 [Guid] 1674905280 [EditorId] 1674905280 [Version] 1048832 [Id] WindowsEditor(7,Rapha) [Debug] 1 [PackageName] WindowsEditor [ProjectName] Editor" 

Player connection [14716]  * "[IP] 192.168.0.14 [Port] 0 [Flags] 2 [Guid] 1674905280 [EditorId] 1674905280 [Version] 1048832 [Id] WindowsEditor(7,Rapha) [Debug] 1 [PackageName] WindowsEditor [ProjectName] Editor" 

Player connection [14716] Host joined multi-casting on [225.0.0.222:54997]...
Player connection [14716] Host joined alternative multi-casting on [225.0.0.222:34997]...
[PhysX] Initialized MultithreadedTaskDispatcher with 12 workers.
Refreshing native plugins compatible for Editor in 1411.86 ms, found 4 plugins.
Preloading 0 native plugins for Editor in 0.00 ms.
Initialize engine version: 2022.3.52f1 (1120fcb54228)
[Subsystems] Discovering subsystems at path E:/Unity/Hub/Editor/2022.3.52f1/Editor/Data/Resources/UnitySubsystems
[Subsystems] Discovering subsystems at path E:/My Games/Pong/Assets
GfxDevice: creating device client; threaded=0; jobified=0
Direct3D:
    Version:  Direct3D 11.0 [level 11.1]
    Renderer: AMD Radeon(TM) Graphics (ID=0x164c)
    Vendor:   ATI
    VRAM:     3002 MB
    Driver:   31.0.21912.3005
Initialize mono
Mono path[0] = 'E:/Unity/Hub/Editor/2022.3.52f1/Editor/Data/Managed'
Mono path[1] = 'E:/Unity/Hub/Editor/2022.3.52f1/Editor/Data/MonoBleedingEdge/lib/mono/unityjit-win32'
Mono config path = 'E:/Unity/Hub/Editor/2022.3.52f1/Editor/Data/MonoBleedingEdge/etc'
Using monoOptions --debugger-agent=transport=dt_socket,embedding=1,server=y,suspend=n,address=127.0.0.1:56208
Begin MonoManager ReloadAssembly
Registering precompiled unity dll's ...
Register platform support module: E:/Unity/Hub/Editor/2022.3.52f1/Editor/Data/PlaybackEngines/WebGLSupport/UnityEditor.WebGL.Extensions.dll
Register platform support module: E:/Unity/Hub/Editor/2022.3.52f1/Editor/Data/PlaybackEngines/AndroidPlayer/UnityEditor.Android.Extensions.dll
Register platform support module: E:/Unity/Hub/Editor/2022.3.52f1/Editor/Data/PlaybackEngines/WindowsStandaloneSupport/UnityEditor.WindowsStandalone.Extensions.dll
Register platform support module: E:/Unity/Hub/Editor/2022.3.52f1/Editor/Data/PlaybackEngines/MetroSupport/UnityEditor.UWP.Extensions.dll
Registered in 0.171829 seconds.
- Loaded All Assemblies, in  4.483 seconds
Native extension for UWP target not found
Native extension for WindowsStandalone target not found
Native extension for Android target not found
Android Extension - Scanning For ADB Devices 320 ms
Native extension for WebGL target not found
Mono: successfully reloaded assembly
- Finished resetting the current domain, in  0.769 seconds
Domain Reload Profiling: 5252ms
	BeginReloadAssembly (2485ms)
		ExecutionOrderSort (0ms)
		DisableScriptedObjects (0ms)
		BackupInstance (0ms)
		ReleaseScriptingObjects (0ms)
		CreateAndSetChildDomain (1ms)
	RebuildCommonClasses (447ms)
	RebuildNativeTypeToScriptingClass (11ms)
	initialDomainReloadingComplete (248ms)
	LoadAllAssembliesAndSetupDomain (1292ms)
		LoadAssemblies (2485ms)
		RebuildTransferFunctionScriptingTraits (0ms)
		AnalyzeDomain (1288ms)
			TypeCache.Refresh (1262ms)
				TypeCache.ScanAssembly (1206ms)
			ScanForSourceGeneratedMonoScriptInfo (1ms)
			ResolveRequiredComponents (24ms)
	FinalizeReload (769ms)
		ReleaseScriptCaches (0ms)
		RebuildScriptCaches (0ms)
		SetupLoadedEditorAssemblies (717ms)
			LogAssemblyErrors (0ms)
			InitializePlatformSupportModulesInManaged (504ms)
			SetLoadedEditorAssemblies (5ms)
			RefreshPlugins (0ms)
			BeforeProcessingInitializeOnLoad (3ms)
			ProcessInitializeOnLoadAttributes (133ms)
			ProcessInitializeOnLoadMethodAttributes (71ms)
			AfterProcessingInitializeOnLoad (0ms)
			EditorAssembliesLoaded (0ms)
		ExecutionOrderSort2 (0ms)
		AwakeInstancesAfterBackupRestoration (0ms)
========================================================================
Worker process is ready to serve import requests
Caller must complete domain reload
Begin MonoManager ReloadAssembly
- Loaded All Assemblies, in  2.503 seconds
Native extension for UWP target not found
Native extension for WindowsStandalone target not found
Native extension for Android target not found
Native extension for WebGL target not found
Package Manager log level set to [2]
[Package Manager] Server::EnsureServerProcessIsRunning -- launch failed, reason: Unity was launched with the -noUpm command-line argument
[Package Manager] UpmClient::Send -- Unable to send message (not connected to UPM process).
[Package Manager] Cannot connect to Unity Package Manager local server
Mono: successfully reloaded assembly
- Finished resetting the current domain, in  0.733 seconds
Domain Reload Profiling: 3236ms
	BeginReloadAssembly (162ms)
		ExecutionOrderSort (0ms)
		DisableScriptedObjects (6ms)
		BackupInstance (0ms)
		ReleaseScriptingObjects (0ms)
		CreateAndSetChildDomain (29ms)
	RebuildCommonClasses (37ms)
	RebuildNativeTypeToScriptingClass (13ms)
	initialDomainReloadingComplete (41ms)
	LoadAllAssembliesAndSetupDomain (2251ms)
		LoadAssemblies (1779ms)
		RebuildTransferFunctionScriptingTraits (0ms)
		AnalyzeDomain (560ms)
			TypeCache.Refresh (527ms)
				TypeCache.ScanAssembly (381ms)
			ScanForSourceGeneratedMonoScriptInfo (25ms)
			ResolveRequiredComponents (6ms)
	FinalizeReload (733ms)
		ReleaseScriptCaches (0ms)
		RebuildScriptCaches (0ms)
		SetupLoadedEditorAssemblies (561ms)
			LogAssemblyErrors (0ms)
			InitializePlatformSupportModulesInManaged (19ms)
			SetLoadedEditorAssemblies (4ms)
			RefreshPlugins (0ms)
			BeforeProcessingInitializeOnLoad (65ms)
			ProcessInitializeOnLoadAttributes (428ms)
			ProcessInitializeOnLoadMethodAttributes (42ms)
			AfterProcessingInitializeOnLoad (2ms)
			EditorAssembliesLoaded (0ms)
		ExecutionOrderSort2 (0ms)
		AwakeInstancesAfterBackupRestoration (7ms)
Launched and connected shader compiler UnityShaderCompiler.exe after 0.23 seconds
Refreshing native plugins compatible for Editor in 3.71 ms, found 4 plugins.
Preloading 0 native plugins for Editor in 0.00 ms.
Unloading 4106 Unused Serialized files (Serialized files now loaded: 0)
Unloading 44 unused Assets / (2.0 MB). Loaded Objects now: 4570.
Memory consumption went from 156.4 MB to 154.4 MB.
Total: 6.474100 ms (FindLiveObjects: 0.760400 ms CreateObjectMapping: 0.122500 ms MarkObjects: 4.706500 ms  DeleteObjects: 0.881600 ms)

AssetImportParameters requested are different than current active one (requested -> active):
  custom:container-demuxer-ogg: 62fdf1f143b41e24485cea50d1cbac27 -> 
  custom:scripting/monoscript/fileName/GameManager.cs: f6182d712e34e20e3202214886862cdb -> 9933fbcc6190e2a9171c2ec8808a053e
  custom:video-codec-MediaFoundation-h265: 746d11721c4dcdbdad8f713fa42b33f4 -> 
  custom:video-decoder-ogg-theora: a1e56fd34408186e4bbccfd4996cb3dc -> 
  custom:scripting/monoscript/fileName/PaddleScript.cs: d8c29926f453584628bd1ff77580480a -> a513c080b6c142fb92455763e9165047
  custom:scripting/monoscript/fileName/GameAudio.cs: 0bc804af86a49289139c9b82a204b06f -> 9419c56e34182ee14e52a3180543dece
  custom:framework-win-MediaFoundation: 216162199b28c13a410421893ffa2e32 -> 
  custom:scripting/monoscript/fileName/AndroidControls.cs: e2fef332c703f945c5a2e2b5aaad3356 -> 38b23bf6ccf7df8b9b3068b0b6d663b8
  custom:scripting/monoscript/fileName/ScoreZone.cs: f1e3c6c0283458f2f4cf6eb9aeb0d699 -> 4ecb1462646e81d41549ba0bacaa7c69
  custom:CustomObjectIndexerAttribute: 9a22284fe3817be447336de3de66b15e -> 
  custom:scripting/monoscript/fileName/BallScript.cs: e9090048b5d3077f3f3f0c1905ab4b2f -> cf8e124711c9b5651da18ae87fbd80c7
  custom:scripting/monoscript/fileName/ScoreText.cs: e48e88b7ca362141ad95dbf031e4a478 -> 8bb0d52e2c2e0cee08cc704d43acb316
  custom:scripting/monoscript/fileName/SecretAreaScript.cs: 2d39d1ff6568b1edf457387abd6dc561 -> bef3290ccfc4ee5460f5748fad76b39e
  custom:container-demuxer-webm: 4f35f7cbe854078d1ac9338744f61a02 -> 
  custom:container-muxer-webm: aa71ff27fc2769a1b78a27578f13a17b -> 
  custom:scripting/monoscript/fileName/CameraShake.cs: 325153dcffe47677cc154191555367ed -> 61b37e781c1c2a8a53b71db3ef951a2f
  custom:video-decoder-webm-vp8: 9c59270c3fd7afecdb556c50c9e8de78 -> 
  custom:SearchIndexIgnoredProperties: e643bd26f0fe6173181afceb89e7c659 -> 
  custom:AudioImporter_EditorPlatform: d09bf68614088b80899f8185d706f6e7 -> 
  custom:scripting/monoscript/fileName/BallAudio.cs: cf61eb411a1248c5bcfc10de5412e9cb -> acfed0ccc44592430d44505aed1959be
  custom:scripting/monoscript/fileName/GameUI.cs: d3e6a1e0d746034d2af2128f2bca19ba -> 6032e6b03b34488d04d3c6d78cf1ab05
  custom:video-encoder-webm-vp8: eb34c28f22e8b96e1ab97ce403110664 -> 
  custom:audio-decoder-ogg-vorbis: bf7c407c2cedff20999df2af8eb42d56 -> 
  custom:scripting/monoscript/fileName/WallScript.cs: 1873a4c5e0eeccbee451c63ef8e977da -> 0fed2426a6478c76936b8240fd4f00ff
  custom:audio-encoder-webm-vorbis: bf7c407c2cedff20999df2af8eb42d56 -> 
========================================================================
Received Prepare
Refreshing native plugins compatible for Editor in 268.29 ms, found 4 plugins.
Preloading 0 native plugins for Editor in 0.00 ms.
Unloading 13 Unused Serialized files (Serialized files now loaded: 0)
Unloading 13 unused Assets / (2.0 MB). Loaded Objects now: 4570.
Memory consumption went from 82.3 MB to 80.3 MB.
Total: 4.720200 ms (FindLiveObjects: 0.460200 ms CreateObjectMapping: 0.209300 ms MarkObjects: 3.579900 ms  DeleteObjects: 0.469200 ms)

Prepare: number of updated asset objects reloaded= 0
AssetImportParameters requested are different than current active one (requested -> active):
  custom:container-demuxer-ogg: 62fdf1f143b41e24485cea50d1cbac27 -> 
  custom:scripting/monoscript/fileName/GameManager.cs: f6182d712e34e20e3202214886862cdb -> 9933fbcc6190e2a9171c2ec8808a053e
  custom:video-codec-MediaFoundation-h265: 746d11721c4dcdbdad8f713fa42b33f4 -> 
  custom:video-decoder-ogg-theora: a1e56fd34408186e4bbccfd4996cb3dc -> 
  custom:scripting/monoscript/fileName/PaddleScript.cs: d8c29926f453584628bd1ff77580480a -> a513c080b6c142fb92455763e9165047
  custom:scripting/monoscript/fileName/GameAudio.cs: 0bc804af86a49289139c9b82a204b06f -> 9419c56e34182ee14e52a3180543dece
  custom:framework-win-MediaFoundation: 216162199b28c13a410421893ffa2e32 -> 
  custom:scripting/monoscript/fileName/AndroidControls.cs: e2fef332c703f945c5a2e2b5aaad3356 -> 38b23bf6ccf7df8b9b3068b0b6d663b8
  custom:scripting/monoscript/fileName/ScoreZone.cs: f1e3c6c0283458f2f4cf6eb9aeb0d699 -> 4ecb1462646e81d41549ba0bacaa7c69
  custom:CustomObjectIndexerAttribute: 9a22284fe3817be447336de3de66b15e -> 
  custom:scripting/monoscript/fileName/BallScript.cs: e9090048b5d3077f3f3f0c1905ab4b2f -> cf8e124711c9b5651da18ae87fbd80c7
  custom:scripting/monoscript/fileName/ScoreText.cs: e48e88b7ca362141ad95dbf031e4a478 -> 8bb0d52e2c2e0cee08cc704d43acb316
  custom:scripting/monoscript/fileName/SecretAreaScript.cs: 2d39d1ff6568b1edf457387abd6dc561 -> bef3290ccfc4ee5460f5748fad76b39e
  custom:container-demuxer-webm: 4f35f7cbe854078d1ac9338744f61a02 -> 
  custom:container-muxer-webm: aa71ff27fc2769a1b78a27578f13a17b -> 
  custom:scripting/monoscript/fileName/CameraShake.cs: 325153dcffe47677cc154191555367ed -> 61b37e781c1c2a8a53b71db3ef951a2f
  custom:video-decoder-webm-vp8: 9c59270c3fd7afecdb556c50c9e8de78 -> 
  custom:SearchIndexIgnoredProperties: e643bd26f0fe6173181afceb89e7c659 -> 
  custom:AudioImporter_EditorPlatform: d09bf68614088b80899f8185d706f6e7 -> 
  custom:scripting/monoscript/fileName/BallAudio.cs: cf61eb411a1248c5bcfc10de5412e9cb -> acfed0ccc44592430d44505aed1959be
  custom:scripting/monoscript/fileName/GameUI.cs: d3e6a1e0d746034d2af2128f2bca19ba -> 6032e6b03b34488d04d3c6d78cf1ab05
  custom:video-encoder-webm-vp8: eb34c28f22e8b96e1ab97ce403110664 -> 
  custom:audio-decoder-ogg-vorbis: bf7c407c2cedff20999df2af8eb42d56 -> 
  custom:scripting/monoscript/fileName/WallScript.cs: 1873a4c5e0eeccbee451c63ef8e977da -> 0fed2426a6478c76936b8240fd4f00ff
  custom:audio-encoder-webm-vorbis: bf7c407c2cedff20999df2af8eb42d56 -> 
========================================================================
Received Prepare
Refreshing native plugins compatible for Editor in 3.48 ms, found 4 plugins.
Preloading 0 native plugins for Editor in 0.00 ms.
Unloading 13 Unused Serialized files (Serialized files now loaded: 0)
Unloading 13 unused Assets / (2.0 MB). Loaded Objects now: 4570.
Memory consumption went from 81.9 MB to 79.9 MB.
Total: 24.967200 ms (FindLiveObjects: 0.879000 ms CreateObjectMapping: 0.134700 ms MarkObjects: 23.348200 ms  DeleteObjects: 0.603000 ms)

Prepare: number of updated asset objects reloaded= 0
AssetImportParameters requested are different than current active one (requested -> active):
  custom:container-demuxer-ogg: 62fdf1f143b41e24485cea50d1cbac27 -> 
  custom:scripting/monoscript/fileName/GameManager.cs: f6182d712e34e20e3202214886862cdb -> 9933fbcc6190e2a9171c2ec8808a053e
  custom:video-codec-MediaFoundation-h265: 746d11721c4dcdbdad8f713fa42b33f4 -> 
  custom:video-decoder-ogg-theora: a1e56fd34408186e4bbccfd4996cb3dc -> 
  custom:scripting/monoscript/fileName/PaddleScript.cs: d8c29926f453584628bd1ff77580480a -> a513c080b6c142fb92455763e9165047
  custom:scripting/monoscript/fileName/GameAudio.cs: 0bc804af86a49289139c9b82a204b06f -> 9419c56e34182ee14e52a3180543dece
  custom:framework-win-MediaFoundation: 216162199b28c13a410421893ffa2e32 -> 
  custom:scripting/monoscript/fileName/AndroidControls.cs: e2fef332c703f945c5a2e2b5aaad3356 -> 38b23bf6ccf7df8b9b3068b0b6d663b8
  custom:scripting/monoscript/fileName/ScoreZone.cs: f1e3c6c0283458f2f4cf6eb9aeb0d699 -> 4ecb1462646e81d41549ba0bacaa7c69
  custom:CustomObjectIndexerAttribute: 9a22284fe3817be447336de3de66b15e -> 
  custom:scripting/monoscript/fileName/BallScript.cs: e9090048b5d3077f3f3f0c1905ab4b2f -> cf8e124711c9b5651da18ae87fbd80c7
  custom:scripting/monoscript/fileName/ScoreText.cs: e48e88b7ca362141ad95dbf031e4a478 -> 8bb0d52e2c2e0cee08cc704d43acb316
  custom:scripting/monoscript/fileName/SecretAreaScript.cs: 2d39d1ff6568b1edf457387abd6dc561 -> bef3290ccfc4ee5460f5748fad76b39e
  custom:container-demuxer-webm: 4f35f7cbe854078d1ac9338744f61a02 -> 
  custom:container-muxer-webm: aa71ff27fc2769a1b78a27578f13a17b -> 
  custom:scripting/monoscript/fileName/CameraShake.cs: 325153dcffe47677cc154191555367ed -> 61b37e781c1c2a8a53b71db3ef951a2f
  custom:video-decoder-webm-vp8: 9c59270c3fd7afecdb556c50c9e8de78 -> 
  custom:SearchIndexIgnoredProperties: e643bd26f0fe6173181afceb89e7c659 -> 
  custom:AudioImporter_EditorPlatform: d09bf68614088b80899f8185d706f6e7 -> 
  custom:scripting/monoscript/fileName/BallAudio.cs: cf61eb411a1248c5bcfc10de5412e9cb -> acfed0ccc44592430d44505aed1959be
  custom:scripting/monoscript/fileName/GameUI.cs: d3e6a1e0d746034d2af2128f2bca19ba -> 6032e6b03b34488d04d3c6d78cf1ab05
  custom:video-encoder-webm-vp8: eb34c28f22e8b96e1ab97ce403110664 -> 
  custom:audio-decoder-ogg-vorbis: bf7c407c2cedff20999df2af8eb42d56 -> 
  custom:scripting/monoscript/fileName/WallScript.cs: 1873a4c5e0eeccbee451c63ef8e977da -> 0fed2426a6478c76936b8240fd4f00ff
  custom:audio-encoder-webm-vorbis: bf7c407c2cedff20999df2af8eb42d56 -> 
========================================================================
Received Import Request.
  Time since last request: 776525.473716 seconds.
  path: Assets/Scenes/Secret.unity
  artifactKey: Guid(1d77c6b96101f5740beb1f04aaa9764f) Importer(815301076,1909f56bfc062723c751e8b465ee728b)
Start importing Assets/Scenes/Secret.unity using Guid(1d77c6b96101f5740beb1f04aaa9764f) Importer(815301076,1909f56bfc062723c751e8b465ee728b) [PhysX] Initialized MultithreadedTaskDispatcher with 12 workers.
 -> (artifact id: '61672a7eb4846f7c42a38f2789176a87') in 0.215630 seconds
Number of updated asset objects reloaded before import = 0
Number of asset objects unloaded after import = 0
========================================================================
Received Import Request.
  Time since last request: 21.462413 seconds.
  path: Assets/Scenes/Main.unity
  artifactKey: Guid(2cda990e2423bbf4892e6590ba056729) Importer(815301076,1909f56bfc062723c751e8b465ee728b)
Start importing Assets/Scenes/Main.unity using Guid(2cda990e2423bbf4892e6590ba056729) Importer(815301076,1909f56bfc062723c751e8b465ee728b) [PhysX] Initialized MultithreadedTaskDispatcher with 12 workers.
 -> (artifact id: '45e535bbeacd8cd0639d6f3fa05aab51') in 0.001295 seconds
Number of updated asset objects reloaded before import = 0
Number of asset objects unloaded after import = 0
========================================================================
Received Prepare
Refreshing native plugins compatible for Editor in 3.76 ms, found 4 plugins.
Preloading 0 native plugins for Editor in 0.00 ms.
Unloading 12 Unused Serialized files (Serialized files now loaded: 0)
Unloading 13 unused Assets / (2.0 MB). Loaded Objects now: 4570.
Memory consumption went from 81.6 MB to 79.7 MB.
Total: 55.853200 ms (FindLiveObjects: 0.641800 ms CreateObjectMapping: 0.133400 ms MarkObjects: 54.579300 ms  DeleteObjects: 0.496100 ms)

Prepare: number of updated asset objects reloaded= 0
AssetImportParameters requested are different than current active one (requested -> active):
  custom:container-demuxer-ogg: 62fdf1f143b41e24485cea50d1cbac27 -> 
  custom:scripting/monoscript/fileName/GameManager.cs: f6182d712e34e20e3202214886862cdb -> 9933fbcc6190e2a9171c2ec8808a053e
  custom:video-codec-MediaFoundation-h265: 746d11721c4dcdbdad8f713fa42b33f4 -> 
  custom:video-decoder-ogg-theora: a1e56fd34408186e4bbccfd4996cb3dc -> 
  custom:scripting/monoscript/fileName/PaddleScript.cs: d8c29926f453584628bd1ff77580480a -> a513c080b6c142fb92455763e9165047
  custom:scripting/monoscript/fileName/GameAudio.cs: 0bc804af86a49289139c9b82a204b06f -> 9419c56e34182ee14e52a3180543dece
  custom:framework-win-MediaFoundation: 216162199b28c13a410421893ffa2e32 -> 
  custom:scripting/monoscript/fileName/AndroidControls.cs: e2fef332c703f945c5a2e2b5aaad3356 -> 38b23bf6ccf7df8b9b3068b0b6d663b8
  custom:scripting/monoscript/fileName/ScoreZone.cs: f1e3c6c0283458f2f4cf6eb9aeb0d699 -> 4ecb1462646e81d41549ba0bacaa7c69
  custom:CustomObjectIndexerAttribute: 9a22284fe3817be447336de3de66b15e -> 
  custom:scripting/monoscript/fileName/BallScript.cs: e9090048b5d3077f3f3f0c1905ab4b2f -> cf8e124711c9b5651da18ae87fbd80c7
  custom:scripting/monoscript/fileName/ScoreText.cs: e48e88b7ca362141ad95dbf031e4a478 -> 8bb0d52e2c2e0cee08cc704d43acb316
  custom:scripting/monoscript/fileName/SecretAreaScript.cs: 2d39d1ff6568b1edf457387abd6dc561 -> bef3290ccfc4ee5460f5748fad76b39e
  custom:container-demuxer-webm: 4f35f7cbe854078d1ac9338744f61a02 -> 
  custom:container-muxer-webm: aa71ff27fc2769a1b78a27578f13a17b -> 
  custom:scripting/monoscript/fileName/CameraShake.cs: 325153dcffe47677cc154191555367ed -> 61b37e781c1c2a8a53b71db3ef951a2f
  custom:video-decoder-webm-vp8: 9c59270c3fd7afecdb556c50c9e8de78 -> 
  custom:SearchIndexIgnoredProperties: e643bd26f0fe6173181afceb89e7c659 -> 
  custom:AudioImporter_EditorPlatform: d09bf68614088b80899f8185d706f6e7 -> 
  custom:scripting/monoscript/fileName/BallAudio.cs: cf61eb411a1248c5bcfc10de5412e9cb -> acfed0ccc44592430d44505aed1959be
  custom:scripting/monoscript/fileName/GameUI.cs: d3e6a1e0d746034d2af2128f2bca19ba -> 6032e6b03b34488d04d3c6d78cf1ab05
  custom:video-encoder-webm-vp8: eb34c28f22e8b96e1ab97ce403110664 -> 
  custom:audio-decoder-ogg-vorbis: bf7c407c2cedff20999df2af8eb42d56 -> 
  custom:scripting/monoscript/fileName/WallScript.cs: 1873a4c5e0eeccbee451c63ef8e977da -> 0fed2426a6478c76936b8240fd4f00ff
  custom:audio-encoder-webm-vorbis: bf7c407c2cedff20999df2af8eb42d56 -> 
========================================================================
Received Prepare
Refreshing native plugins compatible for Editor in 230.76 ms, found 4 plugins.
Preloading 0 native plugins for Editor in 0.00 ms.
Unloading 13 Unused Serialized files (Serialized files now loaded: 0)
Unloading 13 unused Assets / (2.0 MB). Loaded Objects now: 4570.
Memory consumption went from 81.9 MB to 79.9 MB.
Total: 25.355700 ms (FindLiveObjects: 0.607000 ms CreateObjectMapping: 0.128700 ms MarkObjects: 24.101700 ms  DeleteObjects: 0.516900 ms)

Prepare: number of updated asset objects reloaded= 0
AssetImportParameters requested are different than current active one (requested -> active):
  custom:container-demuxer-ogg: 62fdf1f143b41e24485cea50d1cbac27 -> 
  custom:scripting/monoscript/fileName/GameManager.cs: f6182d712e34e20e3202214886862cdb -> 9933fbcc6190e2a9171c2ec8808a053e
  custom:video-codec-MediaFoundation-h265: 746d11721c4dcdbdad8f713fa42b33f4 -> 
  custom:video-decoder-ogg-theora: a1e56fd34408186e4bbccfd4996cb3dc -> 
  custom:scripting/monoscript/fileName/PaddleScript.cs: d8c29926f453584628bd1ff77580480a -> a513c080b6c142fb92455763e9165047
  custom:scripting/monoscript/fileName/GameAudio.cs: 0bc804af86a49289139c9b82a204b06f -> 9419c56e34182ee14e52a3180543dece
  custom:framework-win-MediaFoundation: 216162199b28c13a410421893ffa2e32 -> 
  custom:scripting/monoscript/fileName/AndroidControls.cs: e2fef332c703f945c5a2e2b5aaad3356 -> 38b23bf6ccf7df8b9b3068b0b6d663b8
  custom:scripting/monoscript/fileName/ScoreZone.cs: f1e3c6c0283458f2f4cf6eb9aeb0d699 -> 4ecb1462646e81d41549ba0bacaa7c69
  custom:CustomObjectIndexerAttribute: 9a22284fe3817be447336de3de66b15e -> 
  custom:scripting/monoscript/fileName/BallScript.cs: e9090048b5d3077f3f3f0c1905ab4b2f -> cf8e124711c9b5651da18ae87fbd80c7
  custom:scripting/monoscript/fileName/ScoreText.cs: e48e88b7ca362141ad95dbf031e4a478 -> 8bb0d52e2c2e0cee08cc704d43acb316
  custom:scripting/monoscript/fileName/SecretAreaScript.cs: 2d39d1ff6568b1edf457387abd6dc561 -> bef3290ccfc4ee5460f5748fad76b39e
  custom:container-demuxer-webm: 4f35f7cbe854078d1ac9338744f61a02 -> 
  custom:container-muxer-webm: aa71ff27fc2769a1b78a27578f13a17b -> 
  custom:scripting/monoscript/fileName/CameraShake.cs: 325153dcffe47677cc154191555367ed -> 61b37e781c1c2a8a53b71db3ef951a2f
  custom:video-decoder-webm-vp8: 9c59270c3fd7afecdb556c50c9e8de78 -> 
  custom:SearchIndexIgnoredProperties: e643bd26f0fe6173181afceb89e7c659 -> 
  custom:AudioImporter_EditorPlatform: d09bf68614088b80899f8185d706f6e7 -> 
  custom:scripting/monoscript/fileName/BallAudio.cs: cf61eb411a1248c5bcfc10de5412e9cb -> acfed0ccc44592430d44505aed1959be
  custom:scripting/monoscript/fileName/GameUI.cs: d3e6a1e0d746034d2af2128f2bca19ba -> 6032e6b03b34488d04d3c6d78cf1ab05
  custom:video-encoder-webm-vp8: eb34c28f22e8b96e1ab97ce403110664 -> 
  custom:audio-decoder-ogg-vorbis: bf7c407c2cedff20999df2af8eb42d56 -> 
  custom:scripting/monoscript/fileName/WallScript.cs: 1873a4c5e0eeccbee451c63ef8e977da -> 0fed2426a6478c76936b8240fd4f00ff
  custom:audio-encoder-webm-vorbis: bf7c407c2cedff20999df2af8eb42d56 -> 
