Using pre-set license
Built from '2022.3/staging' branch; Version is '2022.3.52f1 (1120fcb54228) revision 1122556'; Using compiler version '192829333'; Build Type 'Release'
OS: 'Windows 11  (10.0.22631) 64bit CoreSingleLanguage' Language: 'pt' Physical Memory: 6005 MB
BatchMode: 1, IsHumanControllingUs: 0, StartBugReporterOnCrash: 0, Is64bit: 1, IsPro: 1

COMMAND LINE ARGUMENTS:
E:\Unity\Hub\Editor\2022.3.52f1\Editor\Unity.exe
-adb2
-batchMode
-noUpm
-name
AssetImportWorker3
-projectPath
E:/My Games/Pong
-logFile
Logs/AssetImportWorker3.log
-srvPort
49913
Successfully changed project path to: E:/My Games/Pong
E:/My Games/Pong
[UnityMemory] Configuration Parameters - Can be set up in boot.config
    "memorysetup-bucket-allocator-granularity=16"
    "memorysetup-bucket-allocator-bucket-count=8"
    "memorysetup-bucket-allocator-block-size=33554432"
    "memorysetup-bucket-allocator-block-count=8"
    "memorysetup-main-allocator-block-size=16777216"
    "memorysetup-thread-allocator-block-size=16777216"
    "memorysetup-gfx-main-allocator-block-size=16777216"
    "memorysetup-gfx-thread-allocator-block-size=16777216"
    "memorysetup-cache-allocator-block-size=4194304"
    "memorysetup-typetree-allocator-block-size=2097152"
    "memorysetup-profiler-bucket-allocator-granularity=16"
    "memorysetup-profiler-bucket-allocator-bucket-count=8"
    "memorysetup-profiler-bucket-allocator-block-size=33554432"
    "memorysetup-profiler-bucket-allocator-block-count=8"
    "memorysetup-profiler-allocator-block-size=16777216"
    "memorysetup-profiler-editor-allocator-block-size=1048576"
    "memorysetup-temp-allocator-size-main=16777216"
    "memorysetup-job-temp-allocator-block-size=2097152"
    "memorysetup-job-temp-allocator-block-size-background=1048576"
    "memorysetup-job-temp-allocator-reduction-small-platforms=262144"
    "memorysetup-allocator-temp-initial-block-size-main=262144"
    "memorysetup-allocator-temp-initial-block-size-worker=262144"
    "memorysetup-temp-allocator-size-background-worker=32768"
    "memorysetup-temp-allocator-size-job-worker=262144"
    "memorysetup-temp-allocator-size-preload-manager=33554432"
    "memorysetup-temp-allocator-size-nav-mesh-worker=65536"
    "memorysetup-temp-allocator-size-audio-worker=65536"
    "memorysetup-temp-allocator-size-cloud-worker=32768"
    "memorysetup-temp-allocator-size-gi-baking-worker=262144"
    "memorysetup-temp-allocator-size-gfx=262144"
Player connection [33632]  Target information:

Player connection [33632]  * "[IP] 192.168.89.1 [Port] 0 [Flags] 2 [Guid] 621048978 [EditorId] 621048978 [Version] 1048832 [Id] WindowsEditor(7,Rapha) [Debug] 1 [PackageName] WindowsEditor [ProjectName] Editor" 

Player connection [33632]  * "[IP] 192.168.163.1 [Port] 0 [Flags] 2 [Guid] 621048978 [EditorId] 621048978 [Version] 1048832 [Id] WindowsEditor(7,Rapha) [Debug] 1 [PackageName] WindowsEditor [ProjectName] Editor" 

Player connection [33632]  * "[IP] 192.168.0.14 [Port] 0 [Flags] 2 [Guid] 621048978 [EditorId] 621048978 [Version] 1048832 [Id] WindowsEditor(7,Rapha) [Debug] 1 [PackageName] WindowsEditor [ProjectName] Editor" 

Player connection [33632] Host joined multi-casting on [225.0.0.222:54997]...
Player connection [33632] Host joined alternative multi-casting on [225.0.0.222:34997]...
[PhysX] Initialized MultithreadedTaskDispatcher with 12 workers.
Refreshing native plugins compatible for Editor in 1411.83 ms, found 4 plugins.
Preloading 0 native plugins for Editor in 0.00 ms.
Initialize engine version: 2022.3.52f1 (1120fcb54228)
[Subsystems] Discovering subsystems at path E:/Unity/Hub/Editor/2022.3.52f1/Editor/Data/Resources/UnitySubsystems
[Subsystems] Discovering subsystems at path E:/My Games/Pong/Assets
GfxDevice: creating device client; threaded=0; jobified=0
Direct3D:
    Version:  Direct3D 11.0 [level 11.1]
    Renderer: AMD Radeon(TM) Graphics (ID=0x164c)
    Vendor:   ATI
    VRAM:     3002 MB
    Driver:   31.0.21912.3005
Initialize mono
Mono path[0] = 'E:/Unity/Hub/Editor/2022.3.52f1/Editor/Data/Managed'
Mono path[1] = 'E:/Unity/Hub/Editor/2022.3.52f1/Editor/Data/MonoBleedingEdge/lib/mono/unityjit-win32'
Mono config path = 'E:/Unity/Hub/Editor/2022.3.52f1/Editor/Data/MonoBleedingEdge/etc'
Using monoOptions --debugger-agent=transport=dt_socket,embedding=1,server=y,suspend=n,address=127.0.0.1:56628
Begin MonoManager ReloadAssembly
Registering precompiled unity dll's ...
Register platform support module: E:/Unity/Hub/Editor/2022.3.52f1/Editor/Data/PlaybackEngines/WebGLSupport/UnityEditor.WebGL.Extensions.dll
Register platform support module: E:/Unity/Hub/Editor/2022.3.52f1/Editor/Data/PlaybackEngines/AndroidPlayer/UnityEditor.Android.Extensions.dll
Register platform support module: E:/Unity/Hub/Editor/2022.3.52f1/Editor/Data/PlaybackEngines/WindowsStandaloneSupport/UnityEditor.WindowsStandalone.Extensions.dll
Register platform support module: E:/Unity/Hub/Editor/2022.3.52f1/Editor/Data/PlaybackEngines/MetroSupport/UnityEditor.UWP.Extensions.dll
Registered in 0.168447 seconds.
- Loaded All Assemblies, in  4.483 seconds
Native extension for UWP target not found
Native extension for WindowsStandalone target not found
Native extension for Android target not found
Android Extension - Scanning For ADB Devices 342 ms
Native extension for WebGL target not found
Mono: successfully reloaded assembly
- Finished resetting the current domain, in  0.770 seconds
Domain Reload Profiling: 5252ms
	BeginReloadAssembly (2483ms)
		ExecutionOrderSort (0ms)
		DisableScriptedObjects (0ms)
		BackupInstance (0ms)
		ReleaseScriptingObjects (0ms)
		CreateAndSetChildDomain (1ms)
	RebuildCommonClasses (450ms)
	RebuildNativeTypeToScriptingClass (11ms)
	initialDomainReloadingComplete (246ms)
	LoadAllAssembliesAndSetupDomain (1292ms)
		LoadAssemblies (2484ms)
		RebuildTransferFunctionScriptingTraits (0ms)
		AnalyzeDomain (1288ms)
			TypeCache.Refresh (1266ms)
				TypeCache.ScanAssembly (1201ms)
			ScanForSourceGeneratedMonoScriptInfo (0ms)
			ResolveRequiredComponents (21ms)
	FinalizeReload (770ms)
		ReleaseScriptCaches (0ms)
		RebuildScriptCaches (0ms)
		SetupLoadedEditorAssemblies (718ms)
			LogAssemblyErrors (0ms)
			InitializePlatformSupportModulesInManaged (512ms)
			SetLoadedEditorAssemblies (5ms)
			RefreshPlugins (0ms)
			BeforeProcessingInitializeOnLoad (3ms)
			ProcessInitializeOnLoadAttributes (139ms)
			ProcessInitializeOnLoadMethodAttributes (60ms)
			AfterProcessingInitializeOnLoad (0ms)
			EditorAssembliesLoaded (0ms)
		ExecutionOrderSort2 (0ms)
		AwakeInstancesAfterBackupRestoration (0ms)
========================================================================
Worker process is ready to serve import requests
Caller must complete domain reload
Begin MonoManager ReloadAssembly
- Loaded All Assemblies, in  2.505 seconds
Native extension for UWP target not found
Native extension for WindowsStandalone target not found
Native extension for Android target not found
Native extension for WebGL target not found
Package Manager log level set to [2]
[Package Manager] Server::EnsureServerProcessIsRunning -- launch failed, reason: Unity was launched with the -noUpm command-line argument
[Package Manager] UpmClient::Send -- Unable to send message (not connected to UPM process).
[Package Manager] Cannot connect to Unity Package Manager local server
Mono: successfully reloaded assembly
- Finished resetting the current domain, in  0.718 seconds
Domain Reload Profiling: 3223ms
	BeginReloadAssembly (159ms)
		ExecutionOrderSort (0ms)
		DisableScriptedObjects (5ms)
		BackupInstance (0ms)
		ReleaseScriptingObjects (0ms)
		CreateAndSetChildDomain (29ms)
	RebuildCommonClasses (37ms)
	RebuildNativeTypeToScriptingClass (11ms)
	initialDomainReloadingComplete (39ms)
	LoadAllAssembliesAndSetupDomain (2257ms)
		LoadAssemblies (1782ms)
		RebuildTransferFunctionScriptingTraits (0ms)
		AnalyzeDomain (563ms)
			TypeCache.Refresh (530ms)
				TypeCache.ScanAssembly (381ms)
			ScanForSourceGeneratedMonoScriptInfo (26ms)
			ResolveRequiredComponents (6ms)
	FinalizeReload (719ms)
		ReleaseScriptCaches (0ms)
		RebuildScriptCaches (0ms)
		SetupLoadedEditorAssemblies (542ms)
			LogAssemblyErrors (0ms)
			InitializePlatformSupportModulesInManaged (19ms)
			SetLoadedEditorAssemblies (4ms)
			RefreshPlugins (0ms)
			BeforeProcessingInitializeOnLoad (64ms)
			ProcessInitializeOnLoadAttributes (411ms)
			ProcessInitializeOnLoadMethodAttributes (42ms)
			AfterProcessingInitializeOnLoad (2ms)
			EditorAssembliesLoaded (0ms)
		ExecutionOrderSort2 (0ms)
		AwakeInstancesAfterBackupRestoration (7ms)
Launched and connected shader compiler UnityShaderCompiler.exe after 0.28 seconds
Refreshing native plugins compatible for Editor in 3.49 ms, found 4 plugins.
Preloading 0 native plugins for Editor in 0.00 ms.
Unloading 4106 Unused Serialized files (Serialized files now loaded: 0)
Unloading 44 unused Assets / (2.0 MB). Loaded Objects now: 4570.
Memory consumption went from 156.4 MB to 154.4 MB.
Total: 6.746300 ms (FindLiveObjects: 0.542100 ms CreateObjectMapping: 0.210300 ms MarkObjects: 4.521200 ms  DeleteObjects: 1.470400 ms)

AssetImportParameters requested are different than current active one (requested -> active):
  custom:container-demuxer-ogg: 62fdf1f143b41e24485cea50d1cbac27 -> 
  custom:scripting/monoscript/fileName/GameManager.cs: f6182d712e34e20e3202214886862cdb -> 9933fbcc6190e2a9171c2ec8808a053e
  custom:video-codec-MediaFoundation-h265: 746d11721c4dcdbdad8f713fa42b33f4 -> 
  custom:video-decoder-ogg-theora: a1e56fd34408186e4bbccfd4996cb3dc -> 
  custom:scripting/monoscript/fileName/PaddleScript.cs: d8c29926f453584628bd1ff77580480a -> a513c080b6c142fb92455763e9165047
  custom:scripting/monoscript/fileName/GameAudio.cs: 0bc804af86a49289139c9b82a204b06f -> 9419c56e34182ee14e52a3180543dece
  custom:framework-win-MediaFoundation: 216162199b28c13a410421893ffa2e32 -> 
  custom:scripting/monoscript/fileName/AndroidControls.cs: e2fef332c703f945c5a2e2b5aaad3356 -> 38b23bf6ccf7df8b9b3068b0b6d663b8
  custom:scripting/monoscript/fileName/ScoreZone.cs: f1e3c6c0283458f2f4cf6eb9aeb0d699 -> 4ecb1462646e81d41549ba0bacaa7c69
  custom:CustomObjectIndexerAttribute: 9a22284fe3817be447336de3de66b15e -> 
  custom:scripting/monoscript/fileName/BallScript.cs: e9090048b5d3077f3f3f0c1905ab4b2f -> cf8e124711c9b5651da18ae87fbd80c7
  custom:scripting/monoscript/fileName/ScoreText.cs: e48e88b7ca362141ad95dbf031e4a478 -> 8bb0d52e2c2e0cee08cc704d43acb316
  custom:scripting/monoscript/fileName/SecretAreaScript.cs: 2d39d1ff6568b1edf457387abd6dc561 -> bef3290ccfc4ee5460f5748fad76b39e
  custom:container-demuxer-webm: 4f35f7cbe854078d1ac9338744f61a02 -> 
  custom:container-muxer-webm: aa71ff27fc2769a1b78a27578f13a17b -> 
  custom:scripting/monoscript/fileName/CameraShake.cs: 325153dcffe47677cc154191555367ed -> 61b37e781c1c2a8a53b71db3ef951a2f
  custom:video-decoder-webm-vp8: 9c59270c3fd7afecdb556c50c9e8de78 -> 
  custom:SearchIndexIgnoredProperties: e643bd26f0fe6173181afceb89e7c659 -> 
  custom:AudioImporter_EditorPlatform: d09bf68614088b80899f8185d706f6e7 -> 
  custom:scripting/monoscript/fileName/BallAudio.cs: cf61eb411a1248c5bcfc10de5412e9cb -> acfed0ccc44592430d44505aed1959be
  custom:scripting/monoscript/fileName/GameUI.cs: d3e6a1e0d746034d2af2128f2bca19ba -> 6032e6b03b34488d04d3c6d78cf1ab05
  custom:video-encoder-webm-vp8: eb34c28f22e8b96e1ab97ce403110664 -> 
  custom:audio-decoder-ogg-vorbis: bf7c407c2cedff20999df2af8eb42d56 -> 
  custom:scripting/monoscript/fileName/WallScript.cs: 1873a4c5e0eeccbee451c63ef8e977da -> 0fed2426a6478c76936b8240fd4f00ff
  custom:audio-encoder-webm-vorbis: bf7c407c2cedff20999df2af8eb42d56 -> 
========================================================================
Received Import Request.
  Time since last request: 774148.662442 seconds.
  path: Assets/Sprites/Icon.png
  artifactKey: Guid(252d869fc5da2674a97c393ad25f441b) Importer(815301076,1909f56bfc062723c751e8b465ee728b)
Start importing Assets/Sprites/Icon.png using Guid(252d869fc5da2674a97c393ad25f441b) Importer(815301076,1909f56bfc062723c751e8b465ee728b) [PhysX] Initialized MultithreadedTaskDispatcher with 12 workers.
[PhysX] Initialized MultithreadedTaskDispatcher with 12 workers.
 -> (artifact id: 'b57d6a0f41361b51e5e5c2017c306f9b') in 0.230551 seconds
Number of updated asset objects reloaded before import = 0
Number of asset objects unloaded after import = 3
========================================================================
Received Prepare
Refreshing native plugins compatible for Editor in 353.67 ms, found 4 plugins.
Preloading 0 native plugins for Editor in 0.00 ms.
Unloading 12 Unused Serialized files (Serialized files now loaded: 0)
Unloading 13 unused Assets / (2.0 MB). Loaded Objects now: 4577.
Memory consumption went from 86.3 MB to 84.3 MB.
Total: 5.070000 ms (FindLiveObjects: 0.489200 ms CreateObjectMapping: 0.193900 ms MarkObjects: 3.924300 ms  DeleteObjects: 0.460900 ms)

Prepare: number of updated asset objects reloaded= 0
AssetImportParameters requested are different than current active one (requested -> active):
  custom:container-demuxer-ogg: 62fdf1f143b41e24485cea50d1cbac27 -> 
  custom:scripting/monoscript/fileName/GameManager.cs: f6182d712e34e20e3202214886862cdb -> 9933fbcc6190e2a9171c2ec8808a053e
  custom:video-codec-MediaFoundation-h265: 746d11721c4dcdbdad8f713fa42b33f4 -> 
  custom:video-decoder-ogg-theora: a1e56fd34408186e4bbccfd4996cb3dc -> 
  custom:scripting/monoscript/fileName/PaddleScript.cs: d8c29926f453584628bd1ff77580480a -> a513c080b6c142fb92455763e9165047
  custom:scripting/monoscript/fileName/GameAudio.cs: 0bc804af86a49289139c9b82a204b06f -> 9419c56e34182ee14e52a3180543dece
  custom:framework-win-MediaFoundation: 216162199b28c13a410421893ffa2e32 -> 
  custom:scripting/monoscript/fileName/AndroidControls.cs: e2fef332c703f945c5a2e2b5aaad3356 -> 38b23bf6ccf7df8b9b3068b0b6d663b8
  custom:scripting/monoscript/fileName/ScoreZone.cs: f1e3c6c0283458f2f4cf6eb9aeb0d699 -> 4ecb1462646e81d41549ba0bacaa7c69
  custom:CustomObjectIndexerAttribute: 9a22284fe3817be447336de3de66b15e -> 
  custom:scripting/monoscript/fileName/BallScript.cs: e9090048b5d3077f3f3f0c1905ab4b2f -> cf8e124711c9b5651da18ae87fbd80c7
  custom:scripting/monoscript/fileName/ScoreText.cs: e48e88b7ca362141ad95dbf031e4a478 -> 8bb0d52e2c2e0cee08cc704d43acb316
  custom:scripting/monoscript/fileName/SecretAreaScript.cs: 2d39d1ff6568b1edf457387abd6dc561 -> bef3290ccfc4ee5460f5748fad76b39e
  custom:container-demuxer-webm: 4f35f7cbe854078d1ac9338744f61a02 -> 
  custom:container-muxer-webm: aa71ff27fc2769a1b78a27578f13a17b -> 
  custom:scripting/monoscript/fileName/CameraShake.cs: 325153dcffe47677cc154191555367ed -> 61b37e781c1c2a8a53b71db3ef951a2f
  custom:video-decoder-webm-vp8: 9c59270c3fd7afecdb556c50c9e8de78 -> 
  custom:SearchIndexIgnoredProperties: e643bd26f0fe6173181afceb89e7c659 -> 
  custom:AudioImporter_EditorPlatform: d09bf68614088b80899f8185d706f6e7 -> 
  custom:scripting/monoscript/fileName/BallAudio.cs: cf61eb411a1248c5bcfc10de5412e9cb -> acfed0ccc44592430d44505aed1959be
  custom:scripting/monoscript/fileName/GameUI.cs: d3e6a1e0d746034d2af2128f2bca19ba -> 6032e6b03b34488d04d3c6d78cf1ab05
  custom:video-encoder-webm-vp8: eb34c28f22e8b96e1ab97ce403110664 -> 
  custom:audio-decoder-ogg-vorbis: bf7c407c2cedff20999df2af8eb42d56 -> 
  custom:scripting/monoscript/fileName/WallScript.cs: 1873a4c5e0eeccbee451c63ef8e977da -> 0fed2426a6478c76936b8240fd4f00ff
  custom:audio-encoder-webm-vorbis: bf7c407c2cedff20999df2af8eb42d56 -> 
========================================================================
Received Prepare
Refreshing native plugins compatible for Editor in 3.52 ms, found 4 plugins.
Preloading 0 native plugins for Editor in 0.00 ms.
Unloading 13 Unused Serialized files (Serialized files now loaded: 0)
Unloading 13 unused Assets / (2.0 MB). Loaded Objects now: 4577.
Memory consumption went from 86.5 MB to 84.6 MB.
Total: 28.004700 ms (FindLiveObjects: 1.025500 ms CreateObjectMapping: 0.122900 ms MarkObjects: 26.265400 ms  DeleteObjects: 0.588000 ms)

Prepare: number of updated asset objects reloaded= 0
AssetImportParameters requested are different than current active one (requested -> active):
  custom:container-demuxer-ogg: 62fdf1f143b41e24485cea50d1cbac27 -> 
  custom:scripting/monoscript/fileName/GameManager.cs: f6182d712e34e20e3202214886862cdb -> 9933fbcc6190e2a9171c2ec8808a053e
  custom:video-codec-MediaFoundation-h265: 746d11721c4dcdbdad8f713fa42b33f4 -> 
  custom:video-decoder-ogg-theora: a1e56fd34408186e4bbccfd4996cb3dc -> 
  custom:scripting/monoscript/fileName/PaddleScript.cs: d8c29926f453584628bd1ff77580480a -> a513c080b6c142fb92455763e9165047
  custom:scripting/monoscript/fileName/GameAudio.cs: 0bc804af86a49289139c9b82a204b06f -> 9419c56e34182ee14e52a3180543dece
  custom:framework-win-MediaFoundation: 216162199b28c13a410421893ffa2e32 -> 
  custom:scripting/monoscript/fileName/AndroidControls.cs: e2fef332c703f945c5a2e2b5aaad3356 -> 38b23bf6ccf7df8b9b3068b0b6d663b8
  custom:scripting/monoscript/fileName/ScoreZone.cs: f1e3c6c0283458f2f4cf6eb9aeb0d699 -> 4ecb1462646e81d41549ba0bacaa7c69
  custom:CustomObjectIndexerAttribute: 9a22284fe3817be447336de3de66b15e -> 
  custom:scripting/monoscript/fileName/BallScript.cs: e9090048b5d3077f3f3f0c1905ab4b2f -> cf8e124711c9b5651da18ae87fbd80c7
  custom:scripting/monoscript/fileName/ScoreText.cs: e48e88b7ca362141ad95dbf031e4a478 -> 8bb0d52e2c2e0cee08cc704d43acb316
  custom:scripting/monoscript/fileName/SecretAreaScript.cs: 2d39d1ff6568b1edf457387abd6dc561 -> bef3290ccfc4ee5460f5748fad76b39e
  custom:container-demuxer-webm: 4f35f7cbe854078d1ac9338744f61a02 -> 
  custom:container-muxer-webm: aa71ff27fc2769a1b78a27578f13a17b -> 
  custom:scripting/monoscript/fileName/CameraShake.cs: 325153dcffe47677cc154191555367ed -> 61b37e781c1c2a8a53b71db3ef951a2f
  custom:video-decoder-webm-vp8: 9c59270c3fd7afecdb556c50c9e8de78 -> 
  custom:SearchIndexIgnoredProperties: e643bd26f0fe6173181afceb89e7c659 -> 
  custom:AudioImporter_EditorPlatform: d09bf68614088b80899f8185d706f6e7 -> 
  custom:scripting/monoscript/fileName/BallAudio.cs: cf61eb411a1248c5bcfc10de5412e9cb -> acfed0ccc44592430d44505aed1959be
  custom:scripting/monoscript/fileName/GameUI.cs: d3e6a1e0d746034d2af2128f2bca19ba -> 6032e6b03b34488d04d3c6d78cf1ab05
  custom:video-encoder-webm-vp8: eb34c28f22e8b96e1ab97ce403110664 -> 
  custom:audio-decoder-ogg-vorbis: bf7c407c2cedff20999df2af8eb42d56 -> 
  custom:scripting/monoscript/fileName/WallScript.cs: 1873a4c5e0eeccbee451c63ef8e977da -> 0fed2426a6478c76936b8240fd4f00ff
  custom:audio-encoder-webm-vorbis: bf7c407c2cedff20999df2af8eb42d56 -> 
========================================================================
Received Prepare
Refreshing native plugins compatible for Editor in 3.47 ms, found 4 plugins.
Preloading 0 native plugins for Editor in 0.00 ms.
Unloading 13 Unused Serialized files (Serialized files now loaded: 0)
Unloading 13 unused Assets / (2.0 MB). Loaded Objects now: 4577.
Memory consumption went from 86.6 MB to 84.6 MB.
Total: 60.339900 ms (FindLiveObjects: 1.024600 ms CreateObjectMapping: 0.212100 ms MarkObjects: 58.608600 ms  DeleteObjects: 0.492000 ms)

Prepare: number of updated asset objects reloaded= 0
AssetImportParameters requested are different than current active one (requested -> active):
  custom:container-demuxer-ogg: 62fdf1f143b41e24485cea50d1cbac27 -> 
  custom:scripting/monoscript/fileName/GameManager.cs: f6182d712e34e20e3202214886862cdb -> 9933fbcc6190e2a9171c2ec8808a053e
  custom:video-codec-MediaFoundation-h265: 746d11721c4dcdbdad8f713fa42b33f4 -> 
  custom:video-decoder-ogg-theora: a1e56fd34408186e4bbccfd4996cb3dc -> 
  custom:scripting/monoscript/fileName/PaddleScript.cs: d8c29926f453584628bd1ff77580480a -> a513c080b6c142fb92455763e9165047
  custom:scripting/monoscript/fileName/GameAudio.cs: 0bc804af86a49289139c9b82a204b06f -> 9419c56e34182ee14e52a3180543dece
  custom:framework-win-MediaFoundation: 216162199b28c13a410421893ffa2e32 -> 
  custom:scripting/monoscript/fileName/AndroidControls.cs: e2fef332c703f945c5a2e2b5aaad3356 -> 38b23bf6ccf7df8b9b3068b0b6d663b8
  custom:scripting/monoscript/fileName/ScoreZone.cs: f1e3c6c0283458f2f4cf6eb9aeb0d699 -> 4ecb1462646e81d41549ba0bacaa7c69
  custom:CustomObjectIndexerAttribute: 9a22284fe3817be447336de3de66b15e -> 
  custom:scripting/monoscript/fileName/BallScript.cs: e9090048b5d3077f3f3f0c1905ab4b2f -> cf8e124711c9b5651da18ae87fbd80c7
  custom:scripting/monoscript/fileName/ScoreText.cs: e48e88b7ca362141ad95dbf031e4a478 -> 8bb0d52e2c2e0cee08cc704d43acb316
  custom:scripting/monoscript/fileName/SecretAreaScript.cs: 2d39d1ff6568b1edf457387abd6dc561 -> bef3290ccfc4ee5460f5748fad76b39e
  custom:container-demuxer-webm: 4f35f7cbe854078d1ac9338744f61a02 -> 
  custom:container-muxer-webm: aa71ff27fc2769a1b78a27578f13a17b -> 
  custom:scripting/monoscript/fileName/CameraShake.cs: 325153dcffe47677cc154191555367ed -> 61b37e781c1c2a8a53b71db3ef951a2f
  custom:video-decoder-webm-vp8: 9c59270c3fd7afecdb556c50c9e8de78 -> 
  custom:SearchIndexIgnoredProperties: e643bd26f0fe6173181afceb89e7c659 -> 
  custom:AudioImporter_EditorPlatform: d09bf68614088b80899f8185d706f6e7 -> 
  custom:scripting/monoscript/fileName/BallAudio.cs: cf61eb411a1248c5bcfc10de5412e9cb -> acfed0ccc44592430d44505aed1959be
  custom:scripting/monoscript/fileName/GameUI.cs: d3e6a1e0d746034d2af2128f2bca19ba -> 6032e6b03b34488d04d3c6d78cf1ab05
  custom:video-encoder-webm-vp8: eb34c28f22e8b96e1ab97ce403110664 -> 
  custom:audio-decoder-ogg-vorbis: bf7c407c2cedff20999df2af8eb42d56 -> 
  custom:scripting/monoscript/fileName/WallScript.cs: 1873a4c5e0eeccbee451c63ef8e977da -> 0fed2426a6478c76936b8240fd4f00ff
  custom:audio-encoder-webm-vorbis: bf7c407c2cedff20999df2af8eb42d56 -> 
========================================================================
Received Prepare
Refreshing native plugins compatible for Editor in 232.00 ms, found 4 plugins.
Preloading 0 native plugins for Editor in 0.00 ms.
Unloading 13 Unused Serialized files (Serialized files now loaded: 0)
Unloading 13 unused Assets / (2.0 MB). Loaded Objects now: 4577.
Memory consumption went from 86.6 MB to 84.6 MB.
Total: 28.399900 ms (FindLiveObjects: 0.600900 ms CreateObjectMapping: 0.153000 ms MarkObjects: 26.986000 ms  DeleteObjects: 0.658300 ms)

Prepare: number of updated asset objects reloaded= 0
AssetImportParameters requested are different than current active one (requested -> active):
  custom:container-demuxer-ogg: 62fdf1f143b41e24485cea50d1cbac27 -> 
  custom:scripting/monoscript/fileName/GameManager.cs: f6182d712e34e20e3202214886862cdb -> 9933fbcc6190e2a9171c2ec8808a053e
  custom:video-codec-MediaFoundation-h265: 746d11721c4dcdbdad8f713fa42b33f4 -> 
  custom:video-decoder-ogg-theora: a1e56fd34408186e4bbccfd4996cb3dc -> 
  custom:scripting/monoscript/fileName/PaddleScript.cs: d8c29926f453584628bd1ff77580480a -> a513c080b6c142fb92455763e9165047
  custom:scripting/monoscript/fileName/GameAudio.cs: 0bc804af86a49289139c9b82a204b06f -> 9419c56e34182ee14e52a3180543dece
  custom:framework-win-MediaFoundation: 216162199b28c13a410421893ffa2e32 -> 
  custom:scripting/monoscript/fileName/AndroidControls.cs: e2fef332c703f945c5a2e2b5aaad3356 -> 38b23bf6ccf7df8b9b3068b0b6d663b8
  custom:scripting/monoscript/fileName/ScoreZone.cs: f1e3c6c0283458f2f4cf6eb9aeb0d699 -> 4ecb1462646e81d41549ba0bacaa7c69
  custom:CustomObjectIndexerAttribute: 9a22284fe3817be447336de3de66b15e -> 
  custom:scripting/monoscript/fileName/BallScript.cs: e9090048b5d3077f3f3f0c1905ab4b2f -> cf8e124711c9b5651da18ae87fbd80c7
  custom:scripting/monoscript/fileName/ScoreText.cs: e48e88b7ca362141ad95dbf031e4a478 -> 8bb0d52e2c2e0cee08cc704d43acb316
  custom:scripting/monoscript/fileName/SecretAreaScript.cs: 2d39d1ff6568b1edf457387abd6dc561 -> bef3290ccfc4ee5460f5748fad76b39e
  custom:container-demuxer-webm: 4f35f7cbe854078d1ac9338744f61a02 -> 
  custom:container-muxer-webm: aa71ff27fc2769a1b78a27578f13a17b -> 
  custom:scripting/monoscript/fileName/CameraShake.cs: 325153dcffe47677cc154191555367ed -> 61b37e781c1c2a8a53b71db3ef951a2f
  custom:video-decoder-webm-vp8: 9c59270c3fd7afecdb556c50c9e8de78 -> 
  custom:SearchIndexIgnoredProperties: e643bd26f0fe6173181afceb89e7c659 -> 
  custom:AudioImporter_EditorPlatform: d09bf68614088b80899f8185d706f6e7 -> 
  custom:scripting/monoscript/fileName/BallAudio.cs: cf61eb411a1248c5bcfc10de5412e9cb -> acfed0ccc44592430d44505aed1959be
  custom:scripting/monoscript/fileName/GameUI.cs: d3e6a1e0d746034d2af2128f2bca19ba -> 6032e6b03b34488d04d3c6d78cf1ab05
  custom:video-encoder-webm-vp8: eb34c28f22e8b96e1ab97ce403110664 -> 
  custom:audio-decoder-ogg-vorbis: bf7c407c2cedff20999df2af8eb42d56 -> 
  custom:scripting/monoscript/fileName/WallScript.cs: 1873a4c5e0eeccbee451c63ef8e977da -> 0fed2426a6478c76936b8240fd4f00ff
  custom:audio-encoder-webm-vorbis: bf7c407c2cedff20999df2af8eb42d56 -> 
